<?xml version="1.0" encoding="UTF-8"?>
<!-- Generated by org.testng.reporters.JUnitReportReporter -->
<testsuite hostname="DESKTOP-OL7ELR1" failures="0" tests="2" name="com.magento.accountRegistration.TC_Registration_005" time="12.991" errors="0" timestamp="2022-11-16T18:19:21 IST" skipped="0">
  <testcase classname="com.magento.accountRegistration.TC_Registration_005" name="accountRegistration" time="6.074"/>
  <system-out/>
  <testcase classname="com.magento.accountRegistration.TC_Registration_005" name="addProductIntoWishList" time="6.917"/>
  <system-out/>
</testsuite> <!-- com.magento.accountRegistration.TC_Registration_005 -->
