<?xml version="1.0" encoding="UTF-8"?>
<!-- Generated by org.testng.reporters.JUnitReportReporter -->
<testsuite hostname="DESKTOP-OL7ELR1" failures="0" tests="1" name="com.magento.shoppingCart.TC_ShoppingCart_003" time="6.776" errors="0" timestamp="2022-11-10T11:21:35 IST" skipped="0">
  <testcase classname="com.magento.shoppingCart.TC_ShoppingCart_003" name="proudctCount" time="6.776"/>
  <system-out/>
</testsuite> <!-- com.magento.shoppingCart.TC_ShoppingCart_003 -->
