<?xml version="1.0" encoding="UTF-8"?>
<!-- Generated by org.testng.reporters.JUnitReportReporter -->
<testsuite hostname="DESKTOP-OL7ELR1" failures="0" tests="2" name="com.magento.mobileTest.IndexPageTest" time="1.927" errors="0" timestamp="2022-11-11T12:51:08 IST" skipped="0">
  <testcase classname="com.magento.mobileTest.IndexPageTest" name="verifyTitle" time="0.014"/>
  <system-out/>
  <testcase classname="com.magento.mobileTest.IndexPageTest" name="clickOnMobileTab" time="1.913"/>
  <system-out/>
</testsuite> <!-- com.magento.mobileTest.IndexPageTest -->
