<?xml version="1.0" encoding="UTF-8"?>
<!-- Generated by org.testng.reporters.JUnitReportReporter -->
<testsuite hostname="DESKTOP-OL7ELR1" failures="0" tests="1" name="com.mgento.indexpagetitletest.VerfiyTitleOfAPage" time="7.193" errors="0" timestamp="2022-11-18T10:19:53 IST" skipped="0">
  <testcase classname="com.mgento.indexpagetitletest.VerfiyTitleOfAPage" name="sortMobileList" time="7.193"/>
  <system-out/>
</testsuite> <!-- com.mgento.indexpagetitletest.VerfiyTitleOfAPage -->
