<?xml version="1.0" encoding="UTF-8"?>
<!-- Generated by org.testng.reporters.JUnitReportReporter -->
<testsuite hostname="DESKTOP-OL7ELR1" failures="0" tests="1" name="com.magento.mobileListPageTest.TC_MobileListPageTest_005" time="9.681" errors="0" timestamp="2022-11-10T15:08:09 IST" skipped="0">
  <testcase classname="com.magento.mobileListPageTest.TC_MobileListPageTest_005" name="compareProduct" time="9.681"/>
  <system-out/>
</testsuite> <!-- com.magento.mobileListPageTest.TC_MobileListPageTest_005 -->
