<?xml version="1.0" encoding="UTF-8"?>
<!-- Generated by org.testng.reporters.JUnitReportReporter -->
<testsuite hostname="DESKTOP-OL7ELR1" failures="0" tests="1" name="com.magento.shoppingCart.TC_ShoppingCart_003" time="9.785" errors="0" timestamp="2022-11-10T14:45:48 IST" skipped="0">
  <testcase classname="com.magento.shoppingCart.TC_ShoppingCart_003" name="compareProduct" time="9.785"/>
  <system-out/>
</testsuite> <!-- com.magento.shoppingCart.TC_ShoppingCart_003 -->
