<?xml version="1.0" encoding="UTF-8"?>
<!-- Generated by org.testng.reporters.JUnitReportReporter -->
<testsuite hostname="DESKTOP-OL7ELR1" failures="0" tests="1" name="com.magento.mobileListPageTest.TC_MobileListPageTest_005" time="8.357" errors="0" timestamp="2022-11-11T10:55:08 IST" skipped="0">
  <testcase classname="com.magento.mobileListPageTest.TC_MobileListPageTest_005" name="compareProduct" time="8.357"/>
  <system-out/>
</testsuite> <!-- com.magento.mobileListPageTest.TC_MobileListPageTest_005 -->
