<?xml version="1.0" encoding="UTF-8"?>
<!-- Generated by org.testng.reporters.JUnitReportReporter -->
<testsuite hostname="DESKTOP-OL7ELR1" failures="0" tests="2" name="com.magento.mobileTest.SearchMobileItemTest" time="2.347" errors="0" timestamp="2022-11-11T12:51:08 IST" skipped="0">
  <testcase classname="com.magento.mobileTest.SearchMobileItemTest" name="clickOnMobileMenu" time="0.244"/>
  <system-out/>
  <testcase classname="com.magento.mobileTest.SearchMobileItemTest" name="verifyPageTitle" time="2.103"/>
  <system-out>
    <![CDATA[click on mobile tab]]>
  </system-out>
</testsuite> <!-- com.magento.mobileTest.SearchMobileItemTest -->
