<?xml version="1.0" encoding="UTF-8"?>
<!-- Generated by org.testng.reporters.JUnitReportReporter -->
<testsuite hostname="DESKTOP-OL7ELR1" failures="0" tests="2" name="com.magento.mobileCost.TC_MobileCostPage_001" time="3.991" errors="0" timestamp="2022-11-09T15:16:36 IST" skipped="0">
  <testcase classname="com.magento.mobileCost.TC_MobileCostPage_001" name="clickOnMobileTab" time="1.793"/>
  <system-out/>
  <testcase classname="com.magento.mobileCost.TC_MobileCostPage_001" name="compareMobileCost" time="2.198"/>
  <system-out/>
</testsuite> <!-- com.magento.mobileCost.TC_MobileCostPage_001 -->
