<?xml version="1.0" encoding="UTF-8"?>
<!-- Generated by org.testng.reporters.JUnitReportReporter -->
<testsuite hostname="DESKTOP-OL7ELR1" failures="0" tests="2" name="com.magento.mobileTest.IndexPageTest" time="1.529" errors="0" timestamp="2022-11-09T09:24:11 IST" skipped="0">
  <testcase classname="com.magento.mobileTest.IndexPageTest" name="verifyTitle" time="0.017"/>
  <system-out/>
  <testcase classname="com.magento.mobileTest.IndexPageTest" name="clickOnMobileTab" time="1.512"/>
  <system-out/>
</testsuite> <!-- com.magento.mobileTest.IndexPageTest -->
