<?xml version="1.0" encoding="UTF-8"?>
<!-- Generated by org.testng.reporters.JUnitReportReporter -->
<testsuite hostname="DESKTOP-OL7ELR1" failures="0" tests="1" name="com.magento.mobileTest.IndexPageTest" time="0.023" errors="0" timestamp="2022-11-11T13:48:36 IST" skipped="0">
  <testcase classname="com.magento.mobileTest.IndexPageTest" name="verifyTitle" time="0.023"/>
  <system-out/>
</testsuite> <!-- com.magento.mobileTest.IndexPageTest -->
