<?xml version="1.0" encoding="UTF-8"?>
<!-- Generated by org.testng.reporters.JUnitReportReporter -->
<testsuite hostname="DESKTOP-OL7ELR1" failures="0" tests="1" name="com.magento.accountRegistration.TC_Registration_005" time="5.955" errors="0" timestamp="2022-11-16T15:22:54 IST" skipped="0">
  <testcase classname="com.magento.accountRegistration.TC_Registration_005" name="accountRegistration" time="5.955"/>
  <system-out/>
</testsuite> <!-- com.magento.accountRegistration.TC_Registration_005 -->
