<?xml version="1.0" encoding="UTF-8"?>
<!-- Generated by org.testng.reporters.JUnitReportReporter -->
<testsuite hostname="DESKTOP-OL7ELR1" failures="0" tests="1" name="loginfunctionality.TC_006_UserLogin" time="10.801" errors="0" timestamp="2022-11-18T17:47:29 IST" skipped="0">
  <testcase classname="loginfunctionality.TC_006_UserLogin" name="userLogin" time="10.801"/>
  <system-out/>
</testsuite> <!-- loginfunctionality.TC_006_UserLogin -->
