<?xml version="1.0" encoding="UTF-8"?>
<!-- Generated by org.testng.reporters.JUnitReportReporter -->
<testsuite hostname="DESKTOP-OL7ELR1" failures="0" tests="2" name="com.magento.mobileCost.TC_MobileCostPage_001" time="6.536" errors="0" timestamp="2022-11-11T12:51:08 IST" skipped="0">
  <testcase classname="com.magento.mobileCost.TC_MobileCostPage_001" name="compareMobileCost" time="4.038"/>
  <system-out/>
  <testcase classname="com.magento.mobileCost.TC_MobileCostPage_001" name="clickOnMobileTab" time="2.498"/>
  <system-out/>
</testsuite> <!-- com.magento.mobileCost.TC_MobileCostPage_001 -->
